%!PS-Adobe-2.0
%%Title: : canvas
%%Creator: ROOT Version 6.26/02
%%CreationDate: Thu Mar 23 15:33:11 2023
%%Orientation: Landscape
%%DocumentNeededResources: ProcSet (FontSetInit)
%%EndComments
%%BeginProlog
/s {stroke} def /l {lineto} def /m {moveto} def /t {translate} def
/r {rotate} def /rl {roll}  def /R {repeat} def
/d {rlineto} def /rm {rmoveto} def /gr {grestore} def /f {eofill} def
/c {setrgbcolor} def /black {0 setgray} def /sd {setdash} def
/cl {closepath} def /sf {scalefont setfont} def /lw {setlinewidth} def
/box {m dup 0 exch d exch 0 d 0 exch neg d cl} def
/NC{systemdict begin initclip end}def/C{NC box clip newpath}def
/bl {box s} def /bf {gsave box gsave f grestore 1 lw [] 0 sd s grestore} def /Y { 0 exch d} def /X { 0 d} def 
/K {{pop pop 0 moveto} exch kshow} bind def
/ita {/ang 15 def gsave [1 0 ang dup sin exch cos div 1 0 0] concat} def 
/mp {newpath /y exch def /x exch def} def
/side {[w .77 mul w .23 mul] .385 w mul sd w 0 l currentpoint t -144 r} def
/mr {mp x y w2 0 360 arc} def /m24 {mr s} def /m20 {mr f} def
/mb {mp x y w2 add m w2 neg 0 d 0 w neg d w 0 d 0 w d cl} def
/mt {mp x y w2 add m w2 neg w neg d w 0 d cl} def
/w4 {w 4 div} def
/w6 {w 6 div} def
/w8 {w 8 div} def
/m21 {mb f} def /m25 {mb s} def /m22 {mt f} def /m26{mt s} def
/m23 {mp x y w2 sub m w2 w d w neg 0 d cl f} def
/m27 {mp x y w2 add m w3 neg w2 neg d w3 w2 neg d w3 w2 d cl s} def
/m28 {mp x w2 sub y w2 sub w3 add m w3 0 d  0 w3 neg d w3 0 d 0 w3 d w3 0 d  0 w3 d w3 neg 0 d 0 w3 d w3 neg 0 d 0 w3 neg d w3 neg 0 d cl s } def
/m29 {mp gsave x w2 sub y w2 add w3 sub m currentpoint t 4 {side} repeat cl fill gr} def
/m30 {mp gsave x w2 sub y w2 add w3 sub m currentpoint t 4 {side} repeat cl s gr} def
/m31 {mp x y w2 sub m 0 w d x w2 sub y m w 0 d x w2 .707 mul sub y w2 .707 mul add m w 1.44 div w 1.44 div neg d x w2 .707 mul sub y w2 .707 mul sub m w 1.44 div w 1.44 div d s} def
/m32 {mp x y w2 sub m w2 w d w neg 0 d cl s} def
/m33 {mp x y w2 add m w3 neg w2 neg d w3 w2 neg d w3 w2 d cl f} def
/m34 {mp x w2 sub y w2 sub w3 add m w3 0 d  0 w3 neg d w3 0 d 0 w3 d w3 0 d  0 w3 d w3 neg 0 d 0 w3 d w3 neg 0 d 0 w3 neg d w3 neg 0 d cl f } def
/m35 {mp x y w2 add m w2 neg w2 neg d w2 w2 neg d w2 w2 d w2 neg w2 d x y w2 sub m 0 w d x w2 sub y m w 0 d s} def
/m36 {mb x w2 sub y w2 add m w w neg d x w2 sub y w2 sub m w w d s} def
/m37 {mp x y m w4 neg w2 d w4 neg w2 neg d w2 0 d  w4 neg w2 neg d w2 0 d w4 neg w2 d w2 0 d w4 neg w2 d w4 neg w2 neg d cl s} def
/m38 {mp x w4 sub y w2 add m w4 neg w4 neg d 0 w2 neg d w4 w4 neg d w2 0 d w4 w4 d 0 w2 d w4 neg w4 d w2 neg 0 d x y w2 sub m 0 w d x w2 sub y m w 0 d cl s} def
/m39 {mp x y m w4 neg w2 d w4 neg w2 neg d w2 0 d  w4 neg w2 neg d w2 0 d w4 neg w2 d w2 0 d w4 neg w2 d w4 neg w2 neg d cl f} def
/m40 {mp x y m w4 w2 d w4 w4 neg d w2 neg w4 neg d w2 w4 neg d w4 neg w4 neg d w4 neg w2 d w4 neg w2 neg d w4 neg w4 d w2 w4 d w2 neg w4 d w4 w4 d w4 w2 neg d cl s} def
/m41 {mp x y m w4 w2 d w4 w4 neg d w2 neg w4 neg d w2 w4 neg d w4 neg w4 neg d w4 neg w2 d w4 neg w2 neg d w4 neg w4 d w2 w4 d w2 neg w4 d w4 w4 d w4 w2 neg d cl f} def
/m42 {mp x y w2 add m w8 neg w2 -3 4 div mul d w2 -3 4 div mul w8 neg d w2 3 4 div mul w8 neg d w8 w2 -3 4 div mul d w8 w2 3 4 div mul d w2 3 4 div mul w8 d w2 -3 4 div mul w8 d w8 neg w2 3 4 div mul d cl s} def
/m43 {mp x y w2 add m w8 neg w2 -3 4 div mul d w2 -3 4 div mul w8 neg d w2 3 4 div mul w8 neg d w8 w2 -3 4 div mul d w8 w2 3 4 div mul d w2 3 4 div mul w8 d w2 -3 4 div mul w8 d w8 neg w2 3 4 div mul d cl f} def
/m44 {mp x y m w6 neg w2 d w2 2 3 div mul 0 d w6 neg w2 neg d w2 w6 d 0 w2 -2 3 div mul d w2 neg w6 d w6 w2 neg d w2 -2 3 div mul 0 d w6 w2 d w2 neg w6 neg d 0 w2 2 3 div mul d w2 w6 neg d cl s} def
/m45 {mp x y m w6 neg w2 d w2 2 3 div mul 0 d w6 neg w2 neg d w2 w6 d 0 w2 -2 3 div mul d w2 neg w6 d w6 w2 neg d w2 -2 3 div mul 0 d w6 w2 d w2 neg w6 neg d 0 w2 2 3 div mul d w2 w6 neg d cl f} def
/m46 {mp x y w4 add m w4 neg w4 d w4 neg w4 neg d  w4 w4 neg d w4 neg w4 neg d w4 w4 neg d w4 w4 d w4 w4 neg d w4 w4 d w4 neg w4 d w4 w4 d w4 neg w4 d w4 neg w4 neg d cl s} def
/m47 {mp x y w4 add m w4 neg w4 d w4 neg w4 neg d w4 w4 neg d w4 neg w4 neg d  w4 w4 neg d w4 w4 d w4 w4 neg d w4 w4 d w4 neg w4 d w4 w4 d w4 neg w4 d w4 neg w4 neg d cl f} def
/m48 {mp x y w4 add m w4 neg w4 d w4 neg w4 neg d w4 w4 neg d  w4 neg w4 neg d w4 w4 neg d w4 w4 d w4 w4 neg d w4 w4 d w4 neg w4 d w4 w4 d w4 neg w4 d w4 neg w4 neg d  w4 w4 neg d w4 neg w4 neg d w4 neg w4 d w4 w4 d cl f} def
/m49 {mp x w2 sub w3 add y w2 sub w3 add m  0 w3 neg d w3 0 d 0 w3 d w3 0 d 0 w3 d w3 neg 0 d 0 w3 d w3 neg 0 d 0 w3 neg d w3 neg 0 d 0 w3 neg d w3 0 d 0 w3 d w3 0 d 0 w3 neg d w3 neg 0 d cl f } def
/m2 {mp x y w2 sub m 0 w d x w2 sub y m w 0 d s} def
/m5 {mp x w2 .707 mul sub y w2 .707 mul sub m w 1.44 div w 1.44 div d x w2 .707 mul sub y w2 .707 mul add m w 1.44 div w 1.44 div neg d s} def
%%IncludeResource: ProcSet (FontSetInit)
%%IncludeResource: font Times-Roman
%%IncludeResource: font Times-Italic
%%IncludeResource: font Times-Bold
%%IncludeResource: font Times-BoldItalic
%%IncludeResource: font Helvetica
%%IncludeResource: font Helvetica-Oblique
%%IncludeResource: font Helvetica-Bold
%%IncludeResource: font Helvetica-BoldOblique
%%IncludeResource: font Courier
%%IncludeResource: font Courier-Oblique
%%IncludeResource: font Courier-Bold
%%IncludeResource: font Courier-BoldOblique
%%IncludeResource: font Symbol
%%IncludeResource: font ZapfDingbats
/reEncode {exch findfont dup length dict begin {1 index /FID eq  {pop pop} {def} ifelse } forall /Encoding exch def currentdict end dup /FontName get exch definefont pop } def [/Times-Bold /Times-Italic /Times-BoldItalic /Helvetica /Helvetica-Oblique
 /Helvetica-Bold /Helvetica-BoldOblique /Courier /Courier-Oblique /Courier-Bold /Courier-BoldOblique /Times-Roman /AvantGarde-Book /AvantGarde-BookOblique /AvantGarde-Demi /AvantGarde-DemiOblique /Bookman-Demi /Bookman-DemiItalic /Bookman-Light
 /Bookman-LightItalic /Helvetica-Narrow /Helvetica-Narrow-Bold /Helvetica-Narrow-BoldOblique /Helvetica-Narrow-Oblique /NewCenturySchlbk-Roman /NewCenturySchlbk-Bold /NewCenturySchlbk-BoldItalic /NewCenturySchlbk-Italic /Palatino-Bold
 /Palatino-BoldItalic /Palatino-Italic /Palatino-Roman ] {ISOLatin1Encoding reEncode } forall/Zone {/iy exch def /ix exch def  ix 1 sub  3144 mul  1 iy sub  2224 mul t} def
%%EndProlog
%%BeginSetup
%%EndSetup
newpath  gsave  90 r 0 -594 t  28 20 t .25 .25 scale  gsave 
%%Page: 1 1
 gsave  gsave 
 1 1 Zone
 gsave  0 0 t black[  ] 0 sd 3 lw 1 1 1 c 2948 2162 0 0 bf black 1 1 1 c black 1 1 1 c 2446 1677 369 353 bf black 2446 1677 369 353 bl 1 1 1 c 2446 1677 369 353 bf black 2446 1677 369 353 bl 369 353 m 2446 X s[ 4 8] 0 sd 405 2030 m -1677 Y s 1203
 2030 m -1677 Y s 2001 2030 m -1677 Y s 2798 2030 m -1677 Y s[  ] 0 sd 369 2030 m 2446 X s 369 353 m 1677 Y s[ 4 8] 0 sd 2815 353 m -2446 X s 2815 677 m -2446 X s 2815 1000 m -2446 X s 2815 1323 m -2446 X s 2815 1647 m -2446 X s 2815 1970 m -2446 X s
 2815 1970 m -2446 X s[  ] 0 sd 2815 353 m 1677 Y s 369 353 m 2446 X s 405 404 m -51 Y s
 gsave  2948 2032 0 130 C 430.413 290.872 t 0 r /Helvetica findfont 47.1685 sf 0 0 m (3) show NC gr 
 gsave  2948 2032 0 130 C 351.798 255.496 t 0 r /Helvetica findfont 72.7181 sf 0 0 m (10) show NC gr  645 379 m -26 Y s 786 379 m -26 Y s 885 379 m -26 Y s 963 379 m -26 Y s 1026 379 m -26 Y s 1079 379 m -26 Y s 1126 379 m -26 Y s 1166 379 m -26 Y s
 1203 404 m -51 Y s
 gsave  2948 2032 0 130 C 1228.35 288.907 t 0 r /Helvetica findfont 47.1685 sf 0 0 m (4) show NC gr 
 gsave  2948 2032 0 130 C 1149.73 255.496 t 0 r /Helvetica findfont 72.7181 sf 0 0 m (10) show NC gr  1443 379 m -26 Y s 1583 379 m -26 Y s 1683 379 m -26 Y s 1760 379 m -26 Y s 1824 379 m -26 Y s 1877 379 m -26 Y s 1923 379 m -26 Y s 1964 379 m -26
 Y s 2001 404 m -51 Y s
 gsave  2948 2032 0 130 C 2024.31 290.872 t 0 r /Helvetica findfont 47.1685 sf 0 0 m (5) show NC gr 
 gsave  2948 2032 0 130 C 1945.7 255.496 t 0 r /Helvetica findfont 72.7181 sf 0 0 m (10) show NC gr  2241 379 m -26 Y s 2381 379 m -26 Y s 2481 379 m -26 Y s 2558 379 m -26 Y s 2621 379 m -26 Y s 2675 379 m -26 Y s 2721 379 m -26 Y s 2762 379 m -26 Y
 s 2798 404 m -51 Y s
 gsave  2948 2032 0 130 C 2822.25 290.872 t 0 r /Helvetica findfont 47.1685 sf 0 0 m (6) show NC gr 
 gsave  2948 2032 0 130 C 2743.63 255.496 t 0 r /Helvetica findfont 72.7181 sf 0 0 m (10) show NC gr 
 gsave  2948 2032 0 130 C 2602.13 202.432 t 0 r /Helvetica findfont 76.6488 sf 0 0 m (E \(eV\)) show NC gr  369 2030 m 2446 X s 405 1979 m 51 Y s 645 2004 m 26 Y s 786 2004 m 26 Y s 885 2004 m 26 Y s 963 2004 m 26 Y s 1026 2004 m 26 Y s 1079 2004 m
 26 Y s 1126 2004 m 26 Y s 1166 2004 m 26 Y s 1203 1979 m 51 Y s 1443 2004 m 26 Y s 1583 2004 m 26 Y s 1683 2004 m 26 Y s 1760 2004 m 26 Y s 1824 2004 m 26 Y s 1877 2004 m 26 Y s 1923 2004 m 26 Y s 1964 2004 m 26 Y s 2001 1979 m 51 Y s 2241 2004 m 26
 Y s 2381 2004 m 26 Y s 2481 2004 m 26 Y s 2558 2004 m 26 Y s 2621 2004 m 26 Y s 2675 2004 m 26 Y s 2721 2004 m 26 Y s 2762 2004 m 26 Y s 2798 1979 m 51 Y s 369 353 m 1677 Y s 441 353 m -72 X s 405 418 m -36 X s 405 483 m -36 X s 405 547 m -36 X s
 405 612 m -36 X s 441 677 m -72 X s 405 741 m -36 X s 405 806 m -36 X s 405 871 m -36 X s 405 935 m -36 X s 441 1000 m -72 X s 405 1065 m -36 X s 405 1129 m -36 X s 405 1194 m -36 X s 405 1259 m -36 X s 441 1323 m -72 X s 405 1388 m -36 X s 405 1453
 m -36 X s 405 1518 m -36 X s 405 1582 m -36 X s 441 1647 m -72 X s 405 1712 m -36 X s 405 1776 m -36 X s 405 1841 m -36 X s 405 1906 m -36 X s 441 1970 m -72 X s 441 1970 m -72 X s
 gsave  2948 2032 0 130 C 292.838 326.249 t 0 r /Helvetica findfont 72.7181 sf 0 0 m (0) show NC gr 
 gsave  2948 2032 0 130 C 170.986 650.532 t 0 r /Helvetica findfont 72.7181 sf 0 0 m (5000) show NC gr 
 gsave  2948 2032 0 130 C 129.713 972.85 t 0 r /Helvetica findfont 72.7181 sf 0 0 m (10000) show NC gr 
 gsave  2948 2032 0 130 C 129.713 1297.13 t 0 r /Helvetica findfont 72.7181 sf 0 0 m (15000) show NC gr 
 gsave  2948 2032 0 130 C 129.713 1619.45 t 0 r /Helvetica findfont 72.7181 sf 0 0 m (20000) show NC gr 
 gsave  2948 2032 0 130 C 129.713 1943.74 t 0 r /Helvetica findfont 72.7181 sf 0 0 m (25000) show NC gr 
 gsave  2948 2032 0 130 C 104.164 1010.19 t 90 r /Helvetica findfont 76.6488 sf 0 0 m (y \(keV/um\)) show NC gr  2815 353 m 1677 Y s 2742 353 m 73 X s 2779 418 m 36 X s 2779 483 m 36 X s 2779 547 m 36 X s 2779 612 m 36 X s 2742 677 m 73 X s 2779 741
 m 36 X s 2779 806 m 36 X s 2779 871 m 36 X s 2779 935 m 36 X s 2742 1000 m 73 X s 2779 1065 m 36 X s 2779 1129 m 36 X s 2779 1194 m 36 X s 2779 1259 m 36 X s 2742 1323 m 73 X s 2779 1388 m 36 X s 2779 1453 m 36 X s 2779 1518 m 36 X s 2779 1582 m 36
 X s 2742 1647 m 73 X s 2779 1712 m 36 X s 2779 1776 m 36 X s 2779 1841 m 36 X s 2779 1906 m 36 X s 2742 1970 m 73 X s 2742 1970 m 73 X s 0.121569 0.466667 0.705882 c 6 lw 1 1 1 c 0.121569 0.466667 0.705882 c 405 360 m 240 4 d 240 6 d 141 5 d 177 7 d
 240 14 d 140 11 d 100 9 d 240 32 d 78 16 d 380 196 d 240 441 d 177 849 d s 3 lw /w 31 def /w2 {w 2 div} def /w3 {w 3 div} def 405 360 645 364 885 370 1026 375 1203 382 1443 396 1583 407 1683 416 1923 448 2001 464 2381 660 2621 1101 2798 1950 13 {
 m20} R 6 lw 1 0.498039 0.054902 c 1 1 1 c 1 0.498039 0.054902 c 405 360 m 240 4 d 240 6 d 141 5 d 177 7 d 240 14 d 140 11 d 100 9 d 240 32 d 78 16 d 380 196 d 240 441 d 177 849 d s 3 lw 405 360 645 364 885 370 1026 375 1203 382 1443 396 1583 407
 1683 416 1923 448 2001 464 2381 660 2621 1101 2798 1950 13 { m20} R 6 lw 0.2 0.6 0.2 c 1 1 1 c 0.2 0.6 0.2 c 405 360 m 240 4 d 240 6 d 141 5 d 177 7 d 240 14 d 140 11 d 100 9 d 240 32 d 78 16 d 380 197 d 240 440 d 177 849 d s 3 lw 405 360 645 364
 885 370 1026 375 1203 382 1443 396 1583 407 1683 416 1923 448 2001 464 2381 661 2621 1101 2798 1950 13 { m20} R 6 lw black
 gsave  2948 2162 0 0 C 2858.8 345.902 t 90 r /Helvetica findfont 41.2724 sf 0 0 m (geant\255val.cern.ch) show NC gr 
 gsave  2948 2162 0 0 C 147.402 100.233 t 0 r /Helvetica findfont 51.0992 sf 0 0 m (MyTag) show NC gr  0.121569 0.466667 0.705882 c 22 108 m 103 X s 3 lw 74 108 m20 6 lw black
 gsave  2948 2162 0 0 C 1584.08 100.233 t 0 r /Helvetica findfont 51.0992 sf 0 0 m (304_11.1.0) show NC gr  1 0.498039 0.054902 c 1459 108 m 103 X s 3 lw 1511 108 m20 6 lw black
 gsave  2948 2162 0 0 C 147.402 56.9953 t 0 r /Helvetica findfont 51.0992 sf 0 0 m (304_11.00) show NC gr  0.2 0.6 0.2 c 22 65 m 103 X s 3 lw 74 65 m20 6 lw black 3 lw 1 1 1 c 2830 86 59 2065 bf black
 gsave  2948 2162 0 0 C 1802.23 2091.14 t 0 r /Helvetica findfont 60.926 sf 0 0 m (: Water | dna_opt4) show NC gr 
 gsave  2948 2162 0 0 C 1617.49 2091.14 t 0 r /Helvetica-Bold findfont 60.926 sf 0 0 m (Target) show NC gr 
 gsave  2948 2162 0 0 C 1361.99 2091.14 t 0 r /Helvetica findfont 60.926 sf 0 0 m (: proton | ) show NC gr 
 gsave  2948 2162 0 0 C 1198.87 2091.14 t 0 r /Helvetica-Bold findfont 60.926 sf 0 0 m (Beam) show NC gr 
 gsave  2948 2162 0 0 C 1149.73 2091.14 t 0 r /Helvetica findfont 60.926 sf 0 0 m ( | ) show NC gr 
 gsave  2948 2162 0 0 C 644.636 2091.14 t 0 r /Helvetica-Bold findfont 60.926 sf 0 0 m (Microdosimetry y) show NC gr  gr showpage
 gr 
%%Trailer
%%Pages:  1
 gr  gr  gr 
%%EOF
